{"/Users/manojsain/Documents/react-native-workshop/ReactNative_assignment/src/components/FormInputView.tsx": {"path":"/Users/manojsain/Documents/react-native-workshop/ReactNative_assignment/src/components/FormInputView.tsx","statementMap":{"0":{"start":{"line":11,"column":4},"end":{"line":18,"column":5}},"1":{"start":{"line":16,"column":33},"end":{"line":16,"column":52}}},"fnMap":{"0":{"name":"FormInputView","decl":{"start":{"line":10,"column":24},"end":{"line":10,"column":37}},"loc":{"start":{"line":10,"column":59},"end":{"line":19,"column":1}},"line":10},"1":{"name":"(anonymous_1)","decl":{"start":{"line":16,"column":22},"end":{"line":16,"column":23}},"loc":{"start":{"line":16,"column":32},"end":{"line":16,"column":53}},"line":16}},"branchMap":{},"s":{"0":2,"1":0},"f":{"0":2,"1":0},"b":{},"_coverageSchema":"1a1c01bbd47fc00a2c39e90264f33305004495a9","hash":"c31deec12e5f1fa3f9b884f24be54de0746e6ff2"}
,"/Users/manojsain/Documents/react-native-workshop/ReactNative_assignment/src/components/FormTextView.tsx": {"path":"/Users/manojsain/Documents/react-native-workshop/ReactNative_assignment/src/components/FormTextView.tsx","statementMap":{"0":{"start":{"line":11,"column":4},"end":{"line":16,"column":5}}},"fnMap":{"0":{"name":"FormTextView","decl":{"start":{"line":10,"column":9},"end":{"line":10,"column":21}},"loc":{"start":{"line":10,"column":38},"end":{"line":17,"column":1}},"line":10}},"branchMap":{},"s":{"0":7},"f":{"0":7},"b":{},"_coverageSchema":"1a1c01bbd47fc00a2c39e90264f33305004495a9","hash":"1fafb6b00267152412fea4ac48c2ff8dc5a44e57"}
,"/Users/manojsain/Documents/react-native-workshop/ReactNative_assignment/src/components/ListItem.tsx": {"path":"/Users/manojsain/Documents/react-native-workshop/ReactNative_assignment/src/components/ListItem.tsx","statementMap":{"0":{"start":{"line":16,"column":4},"end":{"line":25,"column":5}}},"fnMap":{"0":{"name":"ListItem","decl":{"start":{"line":15,"column":9},"end":{"line":15,"column":17}},"loc":{"start":{"line":15,"column":46},"end":{"line":26,"column":1}},"line":15}},"branchMap":{},"s":{"0":1},"f":{"0":1},"b":{},"_coverageSchema":"1a1c01bbd47fc00a2c39e90264f33305004495a9","hash":"c008ff001f16f19bed591d7b7357987697c2166b"}
,"/Users/manojsain/Documents/react-native-workshop/ReactNative_assignment/src/utility/Styles.tsx": {"path":"/Users/manojsain/Documents/react-native-workshop/ReactNative_assignment/src/utility/Styles.tsx","statementMap":{"0":{"start":{"line":3,"column":15},"end":{"line":69,"column":2}}},"fnMap":{},"branchMap":{},"s":{"0":3},"f":{},"b":{},"_coverageSchema":"1a1c01bbd47fc00a2c39e90264f33305004495a9","hash":"14d7722167cf45d5c2e0500aa179b7a5f12643e3"}
}
