TN:
SF:src/components/FormInputView.tsx
FN:10,FormInputView
FN:16,(anonymous_1)
FNF:2
FNH:1
FNDA:2,FormInputView
FNDA:0,(anonymous_1)
DA:11,2
DA:16,0
LF:2
LH:1
BRF:0
BRH:0
end_of_record
TN:
SF:src/components/FormTextView.tsx
FN:10,FormTextView
FNF:1
FNH:1
FNDA:7,FormTextView
DA:11,7
LF:1
LH:1
BRF:0
BRH:0
end_of_record
TN:
SF:src/components/ListItem.tsx
FN:15,ListItem
FNF:1
FNH:1
FNDA:1,ListItem
DA:16,1
LF:1
LH:1
BRF:0
BRH:0
end_of_record
TN:
SF:src/utility/Styles.tsx
FNF:0
FNH:0
DA:3,3
LF:1
LH:1
BRF:0
BRH:0
end_of_record
